<?xml version="1.0" encoding="UTF-8" ?>
<testsuite tests="9" failures="0" name="com.qa.Runners.runner_Test" time="4.645" errors="0" skipped="0">
  <properties>
[...]
</properties>
  <testcase classname="Scenario: Validate Hello Sign in menu" name="Given User navigate to Amazon site" time="0.002"/>
  <testcase classname="Scenario: Validate Hello Sign in menu" name="Then User clicked on Hello Sign in button" time="0"/>
  <testcase classname="Scenario: Validate Hello Sign in menu" name="Then close the browser" time="0"/>
  <testcase classname="Scenario: Validate Hello Sign in menu" name="Scenario: Validate Hello Sign in menu" time="2.318"/>
  <testcase classname="Scenario: User Logged in Amazon using Data Table with Data Value in Step it self" name="Given User navigate to Amazon site" time="0"/>
  <testcase classname="Scenario: User Logged in Amazon using Data Table with Data Value in Step it self" name="Then User clicked on Hello Sign in button" time="0.001"/>
  <testcase classname="Scenario: User Logged in Amazon using Data Table with Data Value in Step it self" name="And User Enter username and enter Password" time="0"/>
  <testcase classname="Scenario: User Logged in Amazon using Data Table with Data Value in Step it self" name="Then Validate logged user" time="0"/>
  <testcase classname="Scenario: User Logged in Amazon using Data Table with Data Value in Step it self" name="Scenario: User Logged in Amazon using Data Table with Data Value in Step it self" time="2.324"/>
</testsuite>